<html>
<body>
<pre>
<h1>µVision Build Log</h1>
<h2>Tool Versions:</h2>
IDE-Version: µVision V5.13.0.0
Copyright (C) 2014 ARM Ltd and ARM Germany GmbH. All rights reserved.
License Information: Tien Dat Nguyen Tran, TIENDAT, LIC=D0D56-D6Q83-007N9-4SYBN-HLE2L-TZCCU
 
Tool Versions:
Toolchain:       MDK-ARM Standard  Version: 5.13.0.0
Toolchain Path:  C:\Program Files\Keil_v5\ARM\ARMCC\Bin
C Compiler:      Armcc.exe V5.05 update 1 (build 106)
Assembler:       Armasm.exe V5.05 update 1 (build 106)
Linker/Locator:  ArmLink.exe V5.05 update 1 (build 106)
Library Manager: ArmAr.exe V5.05 update 1 (build 106)
Hex Converter:   FromElf.exe V5.05 update 1 (build 106)
CPU DLL:         SARMCM3.DLL V5.13.0.0
Dialog DLL:      DCM.DLL V1.13.1.0
Target DLL:      STLink\ST-LINKIII-KEIL_SWO.dll V2.0.14.0_KEIL
Dialog DLL:      TCM.DLL V1.14.4.0
 
<h2>Project:</h2>
E:\BitBucketCode\MDK-ARM\MAIN_BOARD.uvprojx
Project File Date:  06/05/2016

<h2>Output:</h2>
Build target 'STM32F407'
compiling main.c...
..\User\main.c(143): warning:  #550-D: parameter "weatherForecast" was set but never used
  int resetWeather(WeatherForecast weatherForecast)
..\User\main.c(186): warning:  #223-D: function "TM_NRF24L01_CHECK_PIPE" declared implicitly
            pipe_check = TM_NRF24L01_CHECK_PIPE();
..\User\main.c(220): error:  #29: expected an expression
            for(int i = 0 ; i < 4 ; i++)
..\User\main.c(220): error:  #20: identifier "i" is undefined
            for(int i = 0 ; i < 4 ; i++)
..\User\main.c(315): warning:  #1035-D: single-precision operand implicitly converted to double-precision
          if (WthFor.output <= 0.575)
..\User\main.c(319): warning:  #1035-D: single-precision operand implicitly converted to double-precision
          else if(WthFor.output <=0.605)
..\User\main.c(345): error:  #29: expected an expression
        for (int j = array_size - 1; j > 0; j--)
..\User\main.c(345): error:  #20: identifier "j" is undefined
        for (int j = array_size - 1; j > 0; j--)
..\User\main.c(350): error:  #29: expected an expression
        for (int i = 0; i < 24; i++)
..\User\main.c(350): error:  #20: identifier "i" is undefined
        for (int i = 0; i < 24; i++)
..\User\main.c(343): warning:  #177-D: variable "array_size" was declared but never referenced
        int array_size = sizeof(PresDownArray) / sizeof(PresDownArray[0]);
..\User\main.c(387): warning:  #940-D: missing return statement at end of non-void function "averageWth"
  }
..\User\main.c(75): error:  #114: function "vDA2_readRTC" was referenced but not defined
  static void vDA2_readRTC(void *pvParameters);
..\User\main.c: 6 warnings, 7 errors
compiling stm32f4xx_it.c...
compiling system_stm32f4xx.c...
compiling misc.c...
compiling stm32f4xx_dcmi.c...
compiling stm32f4xx_dma.c...
compiling stm32f4xx_flash.c...
compiling stm32f4xx_fsmc.c...
compiling stm32f4xx_gpio.c...
compiling stm32f4xx_hash.c...
compiling stm32f4xx_i2c.c...
compiling stm32f4xx_iwdg.c...
compiling stm32f4xx_rcc.c...
compiling stm32f4xx_rng.c...
compiling stm32f4xx_rtc.c...
compiling stm32f4xx_sdio.c...
compiling stm32f4xx_spi.c...
compiling stm32f4xx_syscfg.c...
compiling stm32f4xx_tim.c...
compiling stm32f4xx_usart.c...
compiling stm32f4xx_adc.c...
compiling stm32f4xx_can.c...
compiling stm32f4xx_cec.c...
compiling stm32f4xx_crc.c...
compiling stm32f4xx_cryp.c...
compiling stm32f4xx_cryp_aes.c...
compiling stm32f4xx_cryp_des.c...
compiling stm32f4xx_cryp_tdes.c...
compiling stm32f4xx_dac.c...
compiling stm32f4xx_dbgmcu.c...
compiling stm32f4xx_dma2d.c...
compiling stm32f4xx_dsi.c...
compiling stm32f4xx_exti.c...
compiling stm32f4xx_ltdc.c...
compiling stm32f4xx_pwr.c...
compiling stm32f4xx_wwdg.c...
compiling system_stm32f4xx.c...
assembling startup_stm32f40_41xxx.s...
compiling AsciiLib.c...
compiling SSD1289.c...
compiling fattime.c...
compiling ff.c...
..\FATFS\ff.c(1690): warning:  #111-D: statement is unreachable
                        w = (w << 8) + b;                       /* Create a DBC */
..\FATFS\ff.c: 1 warning, 0 errors
compiling ccsbcs.c...
compiling diskio.c...
compiling tm_stm32f4_rtc.c...
compiling tm_stm32f4_nrf24l01.c...
compiling tm_stm32f4_spi.c...
compiling tm_stm32f4_gpio.c...
compiling tm_stm32f4_disco.c...
compiling tm_stm32f4_ds1307.c...
compiling tm_stm32f4_i2c.c...
compiling tm_stm32f4_delay.c...
compiling tm_stm32f4_usart.c...
compiling tm_stm32f4_timer_properties.c...
compiling esp8266.c...
compiling Fuzzy.c...
..\Fuzzy\Fuzzy.c(41): warning:  #1293-D: assignment in condition
    if (!(fuzzy_system_lwf->tem_mem = (IN_MEM *)malloc(sizeof(IN_MEM)))) {
..\Fuzzy\Fuzzy.c(45): warning:  #1293-D: assignment in condition
    if (!(fuzzy_system_lwf->hum_mem = (IN_MEM *)malloc(sizeof(IN_MEM)))) {
..\Fuzzy\Fuzzy.c(49): warning:  #1293-D: assignment in condition
    if (!(fuzzy_system_lwf->presdown_mem = (IN_MEM *)malloc(sizeof(IN_MEM)))) {
..\Fuzzy\Fuzzy.c(53): warning:  #1293-D: assignment in condition
    if (!(fuzzy_system_lwf->rateYear_mem = (IN_MEM *)malloc(sizeof(IN_MEM)))) {
..\Fuzzy\Fuzzy.c(57): warning:  #1293-D: assignment in condition
    if (!(fuzzy_system_lwf->rateDay_mem = (IN_MEM *)malloc(sizeof(IN_MEM)))) {
..\Fuzzy\Fuzzy.c(62): warning:  #1293-D: assignment in condition
    if (!(fuzzy_system_lwf->out_mem = (OUT_MEM *)malloc(sizeof(OUT_MEM)))) {
..\Fuzzy\Fuzzy.c(67): warning:  #1293-D: assignment in condition
    if (!(fuzzy_system_lwf->tem_mem->center =
..\Fuzzy\Fuzzy.c(72): warning:  #1293-D: assignment in condition
    if (!(fuzzy_system_lwf->tem_mem->dom = (float *)malloc(3 * sizeof(float)))) {
..\Fuzzy\Fuzzy.c(76): warning:  #1293-D: assignment in condition
    if (!(fuzzy_system_lwf->hum_mem->center =
..\Fuzzy\Fuzzy.c(81): warning:  #1293-D: assignment in condition
    if (!(fuzzy_system_lwf->hum_mem->dom = (float *)malloc(3 * sizeof(float)))) {
..\Fuzzy\Fuzzy.c(84): warning:  #1293-D: assignment in condition
    if (!(fuzzy_system_lwf->presdown_mem->center =
..\Fuzzy\Fuzzy.c(89): warning:  #1293-D: assignment in condition
    if (!(fuzzy_system_lwf->presdown_mem->dom =
..\Fuzzy\Fuzzy.c(94): warning:  #1293-D: assignment in condition
    if (!(fuzzy_system_lwf->rateYear_mem->center =
..\Fuzzy\Fuzzy.c(99): warning:  #1293-D: assignment in condition
    if (!(fuzzy_system_lwf->rateYear_mem->dom =
..\Fuzzy\Fuzzy.c(103): warning:  #1293-D: assignment in condition
    if (!(fuzzy_system_lwf->rateDay_mem->center =
..\Fuzzy\Fuzzy.c(108): warning:  #1293-D: assignment in condition
    if (!(fuzzy_system_lwf->rateDay_mem->dom =
..\Fuzzy\Fuzzy.c(113): warning:  #1293-D: assignment in condition
    if (!(fuzzy_system_lwf->out_mem->center =
..\Fuzzy\Fuzzy.c(118): warning:  #1293-D: assignment in condition
    if (!(fuzzy_system_lwf->out_mem->dom = (float *)malloc(5 * sizeof(float)))) {
..\Fuzzy\Fuzzy.c(38): warning:  #177-D: variable "sizeof_IN_MEM" was declared but never referenced
    int sizeof_IN_MEM = sizeof(IN_MEM);
..\Fuzzy\Fuzzy.c(39): warning:  #177-D: variable "sizeof_OUT_MEM" was declared but never referenced
    int sizeof_OUT_MEM = sizeof(OUT_MEM);
..\Fuzzy\Fuzzy.c: 20 warnings, 0 errors
compiling queue.c...
compiling tasks.c...
compiling port.c...
compiling heap_2.c...
compiling list.c...
compiling croutine.c...
compiling timers.c...
compiling Forecast.c...
..\Forecast\Forecast.c(7): warning:  #1035-D: single-precision operand implicitly converted to double-precision
    if (output < 0.5)
..\Forecast\Forecast.c(33): warning:  #1-D: last line of file ends without a newline
  }
..\Forecast\Forecast.c(33): warning:  #940-D: missing return statement at end of non-void function "calculateTime"
  }
..\Forecast\Forecast.c: 3 warnings, 0 errors
compiling nrf24l01.c...
..\Utilities\nrf24l01.c(72): error:  #20: identifier "WeatherForecast" is undefined
  void readRfData(WeatherForecast* NRF)
..\Utilities\nrf24l01.c(75): error:  #20: identifier "pipe_check" is undefined
              pipe_check = TM_NRF24L01_CHECK_PIPE();
..\Utilities\nrf24l01.c(75): warning:  #223-D: function "TM_NRF24L01_CHECK_PIPE" declared implicitly
              pipe_check = TM_NRF24L01_CHECK_PIPE();
..\Utilities\nrf24l01.c: 1 warning, 2 errors
".\Objects\MAIN_BOARD.axf" - 9 Error(s), 31 Warning(s).

<h2>Collection of Component include folders:</h2>
  E:\BitBucketCode\MDK-ARM\RTE
  C:\Keil_v5\ARM\PACK\Keil\STM32F4xx_DFP\2.7.0

<h2>Collection of Component Files used:</h2>
Target not created.
</pre>
</body>
</html>
